<?xml version="1.0" encoding="UTF-8"?>
<!-- Generated by org.testng.reporters.JUnitXMLReporter -->
<testsuite hostname="Daths-PC" ignored="0" name="Default test" tests="6" failures="0" timestamp="25 Jan 2020 10:18:34 GMT" time="89.211" errors="0">
  <testcase name="ValidloginTest" time="8.607" classname="script.Assignments"/>
  <testcase name="invalidLoginTest" time="15.991" classname="script.Assignments"/>
  <testcase name="extractDynamicText" time="10.417" classname="script.Assignments"/>
  <testcase name="verifyModalWindTest" time="10.79" classname="script.Assignments"/>
  <testcase name="getUserNamesWithMouseHover" time="4.359" classname="script.Assignments"/>
  <testcase name="infiniteScroll" time="9.931" classname="script.Assignments"/>
</testsuite> <!-- Default test -->
